Determining if the pthread_create exist failed with the following output:
Change Dir: /home/zhangwei/opencv-3.4.0/samples/cpp/example_cmake/CMakeFiles/CMakeTmp

Run Build Command:"/usr/bin/make" "cmTC_d02ad/fast"
/usr/bin/make -f CMakeFiles/cmTC_d02ad.dir/build.make CMakeFiles/cmTC_d02ad.dir/build
make[1]: Entering directory '/home/zhangwei/opencv-3.4.0/samples/cpp/example_cmake/CMakeFiles/CMakeTmp'
Building C object CMakeFiles/cmTC_d02ad.dir/CheckSymbolExists.c.o
/usr/bin/cc    -fPIC    -o CMakeFiles/cmTC_d02ad.dir/CheckSymbolExists.c.o   -c /home/zhangwei/opencv-3.4.0/samples/cpp/example_cmake/CMakeFiles/CMakeTmp/CheckSymbolExists.c
Linking C executable cmTC_d02ad
/usr/bin/cmake -E cmake_link_script CMakeFiles/cmTC_d02ad.dir/link.txt --verbose=1
/usr/bin/cc  -fPIC     CMakeFiles/cmTC_d02ad.dir/CheckSymbolExists.c.o  -o cmTC_d02ad -rdynamic 
CMakeFiles/cmTC_d02ad.dir/CheckSymbolExists.c.o: In function `main':
CheckSymbolExists.c:(.text+0x1b): undefined reference to `pthread_create'
collect2: error: ld returned 1 exit status
CMakeFiles/cmTC_d02ad.dir/build.make:97: recipe for target 'cmTC_d02ad' failed
make[1]: *** [cmTC_d02ad] Error 1
make[1]: Leaving directory '/home/zhangwei/opencv-3.4.0/samples/cpp/example_cmake/CMakeFiles/CMakeTmp'
Makefile:126: recipe for target 'cmTC_d02ad/fast' failed
make: *** [cmTC_d02ad/fast] Error 2

File /home/zhangwei/opencv-3.4.0/samples/cpp/example_cmake/CMakeFiles/CMakeTmp/CheckSymbolExists.c:
/* */
#include <pthread.h>

int main(int argc, char** argv)
{
  (void)argv;
#ifndef pthread_create
  return ((int*)(&pthread_create))[argc];
#else
  (void)argc;
  return 0;
#endif
}

Determining if the function pthread_create exists in the pthreads failed with the following output:
Change Dir: /home/zhangwei/opencv-3.4.0/samples/cpp/example_cmake/CMakeFiles/CMakeTmp

Run Build Command:"/usr/bin/make" "cmTC_8e50a/fast"
/usr/bin/make -f CMakeFiles/cmTC_8e50a.dir/build.make CMakeFiles/cmTC_8e50a.dir/build
make[1]: Entering directory '/home/zhangwei/opencv-3.4.0/samples/cpp/example_cmake/CMakeFiles/CMakeTmp'
Building C object CMakeFiles/cmTC_8e50a.dir/CheckFunctionExists.c.o
/usr/bin/cc    -fPIC -DCHECK_FUNCTION_EXISTS=pthread_create   -o CMakeFiles/cmTC_8e50a.dir/CheckFunctionExists.c.o   -c /usr/share/cmake-3.5/Modules/CheckFunctionExists.c
Linking C executable cmTC_8e50a
/usr/bin/cmake -E cmake_link_script CMakeFiles/cmTC_8e50a.dir/link.txt --verbose=1
/usr/bin/cc  -fPIC -DCHECK_FUNCTION_EXISTS=pthread_create    CMakeFiles/cmTC_8e50a.dir/CheckFunctionExists.c.o  -o cmTC_8e50a -rdynamic -lpthreads 
/usr/bin/ld: cannot find -lpthreads
collect2: error: ld returned 1 exit status
CMakeFiles/cmTC_8e50a.dir/build.make:97: recipe for target 'cmTC_8e50a' failed
make[1]: *** [cmTC_8e50a] Error 1
make[1]: Leaving directory '/home/zhangwei/opencv-3.4.0/samples/cpp/example_cmake/CMakeFiles/CMakeTmp'
Makefile:126: recipe for target 'cmTC_8e50a/fast' failed
make: *** [cmTC_8e50a/fast] Error 2


